<?xml version="1.0" encoding="UTF-8"?>
<!-- Generated by org.testng.reporters.JUnitReportReporter -->
<testsuite hostname="DESKTOP-0U1PUKJ" failures="0" tests="1" name="testCases.TC_002_LoginTest" time="2.896" errors="0" timestamp="2023-10-25T14:14:45 IST" skipped="0">
  <testcase classname="testCases.TC_002_LoginTest" name="test_Login" time="2.896"/>
  <system-out/>
</testsuite> <!-- testCases.TC_002_LoginTest -->
